\BOOKMARK [0][-]{chapter.1}{Fundamentos del lenguaje}{}% 1
\BOOKMARK [1][-]{section.1.1}{\277Qu\351 es MATLAB?}{chapter.1}% 2
\BOOKMARK [1][-]{section.1.2}{Descripci\363n del entorno de desarrollo}{chapter.1}% 3
\BOOKMARK [1][-]{section.1.3}{Comandos b\341sicos y generalidades}{chapter.1}% 4
\BOOKMARK [2][-]{subsection.1.3.1}{Consultar ayuda de MATLAB}{section.1.3}% 5
\BOOKMARK [2][-]{subsection.1.3.2}{Limpiar ventana de comandos y variables del workspace}{section.1.3}% 6
\BOOKMARK [2][-]{subsection.1.3.3}{L\355neas de comentarios}{section.1.3}% 7
\BOOKMARK [2][-]{subsection.1.3.4}{Valores especiales}{section.1.3}% 8
\BOOKMARK [1][-]{section.1.4}{Tipos de datos y operadores}{chapter.1}% 9
\BOOKMARK [2][-]{subsection.1.4.1}{Tipo logical}{section.1.4}% 10
\BOOKMARK [2][-]{subsection.1.4.2}{Tipo char}{section.1.4}% 11
\BOOKMARK [2][-]{subsection.1.4.3}{Tipo numeric}{section.1.4}% 12
\BOOKMARK [2][-]{subsection.1.4.4}{Tipo cell}{section.1.4}% 13
\BOOKMARK [2][-]{subsection.1.4.5}{Tipo struct}{section.1.4}% 14
\BOOKMARK [2][-]{subsection.1.4.6}{Referencias de funci\363n \(function handle\)}{section.1.4}% 15
\BOOKMARK [2][-]{subsection.1.4.7}{Identificar tipos de datos}{section.1.4}% 16
\BOOKMARK [2][-]{subsection.1.4.8}{Conversiones entre tipos de datos}{section.1.4}% 17
\BOOKMARK [2][-]{subsection.1.4.9}{Operadores aritm\351ticos, relacionales y l\363gicos}{section.1.4}% 18
\BOOKMARK [1][-]{section.1.5}{Un mini tutorial de introducci\363n}{chapter.1}% 19
\BOOKMARK [1][-]{section.1.6}{Ficheros de comandos \(scripts\)}{chapter.1}% 20
\BOOKMARK [2][-]{subsection.1.6.1}{Ejecutando scripts}{section.1.6}% 21
\BOOKMARK [2][-]{subsection.1.6.2}{Modificando el Path de MATLAB}{section.1.6}% 22
\BOOKMARK [1][-]{section.1.7}{Entradas y salidas en el Command Window}{chapter.1}% 23
\BOOKMARK [2][-]{subsection.1.7.1}{La funci\363n input}{section.1.7}% 24
\BOOKMARK [2][-]{subsection.1.7.2}{Salida sin formato: la funci\363n disp}{section.1.7}% 25
\BOOKMARK [2][-]{subsection.1.7.3}{La funci\363n fprintf}{section.1.7}% 26
\BOOKMARK [1][-]{section.1.8}{Funciones}{chapter.1}% 27
\BOOKMARK [2][-]{subsection.1.8.1}{Funciones, una introducci\363n}{section.1.8}% 28
\BOOKMARK [2][-]{subsection.1.8.2}{Verificar argumentos de entrada y salida}{section.1.8}% 29
\BOOKMARK [2][-]{subsection.1.8.3}{Sub-funciones}{section.1.8}% 30
\BOOKMARK [2][-]{subsection.1.8.4}{Argumentos variables}{section.1.8}% 31
\BOOKMARK [2][-]{subsection.1.8.5}{Ayuda de una funci\363n}{section.1.8}% 32
\BOOKMARK [1][-]{section.1.9}{Bifurcaciones y bucles}{chapter.1}% 33
\BOOKMARK [2][-]{subsection.1.9.1}{Sentencia if-elseif-else}{section.1.9}% 34
\BOOKMARK [2][-]{subsection.1.9.2}{Sentencia switch}{section.1.9}% 35
\BOOKMARK [2][-]{subsection.1.9.3}{Bucle for}{section.1.9}% 36
\BOOKMARK [2][-]{subsection.1.9.4}{Bucle while}{section.1.9}% 37
\BOOKMARK [1][-]{section.1.10}{Fecha y hora}{chapter.1}% 38
\BOOKMARK [0][-]{chapter.2}{C\341lculo diferencial}{}% 39
\BOOKMARK [0][-]{chapter.3}{C\341lculo integral}{}% 40
\BOOKMARK [0][-]{chapter.4}{Cinem\341tica de la part\355cula}{}% 41
\BOOKMARK [0][-]{chapter.5}{Cinem\341tica del s\363lido r\355gido}{}% 42
